Currently Loaded Modulefiles:
  1) git/2.10.1
  2) binutils/2.30.0
  3) gcc/7.2.0
  4) cuda/10.1.105
  5) numa/2.0.11
  6) openmpi/4.0.1/gcc/7.2.0/cuda/10.1.105
  7) valgrind/3.12.0
  8) openblas/0.2.20/gcc/7.2.0
  9) metis/5.0.1/gcc/7.2.0
 10) zlib/1.2.8
 11) hdf5/1.10.5/openmpi/4.0.1/gcc/7.2.0/cuda/10.1.105
 12) cgns/3.4.0/openmpi/4.0.1/gcc/7.2.0/cuda/10.1.105
 13) pnetcdf/1.9.0/openmpi/4.0.1/gcc/7.2.0/cuda/10.1.105
 14) netcdf/4.6.1/openmpi/4.0.1/gcc/7.2.0/cuda/10.1.105
 15) parmetis/4.0.3/openmpi/4.0.1/gcc/7.2.0/cuda/10.1.105
 16) boost/1.65.1/gcc/7.2.0
 17) superlu-dist/4.3.0/openmpi/4.0.1/gcc/7.2.0/cuda/10.1.105
 18) devpack/20190814/openmpi/4.0.1/gcc/7.2.0/cuda/10.1.105
 19) yamlcpp/0.5.3/gcc/7.2.0
 20) cmake/3.12.3
